Using pre-set license
Built from '2020.3/staging' branch; Version is '2020.3.28f1 (f5400f52e03f) revision 16072719'; Using compiler version '192528614'; Build Type 'Release'
OS: 'Windows 10  (10.0.19043) 64bit Core' Language: 'en' Physical Memory: 16255 MB
BatchMode: 1, IsHumanControllingUs: 0, StartBugReporterOnCrash: 0, Is64bit: 1, IsPro: 0

COMMAND LINE ARGUMENTS:
C:\Program Files\Unity\Hub\Editor\2020.3.28f1\Editor\Unity.exe
-adb2
-batchMode
-noUpm
-name
AssetImportWorker0
-projectPath
C:/Users/test/Documents/GitHub/my2ndrepository/My project (1)
-logFile
Logs/AssetImportWorker0.log
-srvPort
49814
Successfully changed project path to: C:/Users/test/Documents/GitHub/my2ndrepository/My project (1)
C:/Users/test/Documents/GitHub/my2ndrepository/My project (1)
Using Asset Import Pipeline V2.
Refreshing native plugins compatible for Editor in 74.52 ms, found 3 plugins.
Preloading 0 native plugins for Editor in 0.00 ms.
Initialize engine version: 2020.3.28f1 (f5400f52e03f)
[Subsystems] Discovering subsystems at path C:/Program Files/Unity/Hub/Editor/2020.3.28f1/Editor/Data/Resources/UnitySubsystems
[Subsystems] Discovering subsystems at path C:/Users/test/Documents/GitHub/my2ndrepository/My project (1)/Assets
GfxDevice: creating device client; threaded=0
Direct3D:
    Version:  Direct3D 11.0 [level 11.1]
    Renderer: NVIDIA GeForce GTX 1080 (ID=0x1be0)
    Vendor:   
    VRAM:     8079 MB
    Driver:   30.0.15.1123
Initialize mono
Mono path[0] = 'C:/Program Files/Unity/Hub/Editor/2020.3.28f1/Editor/Data/Managed'
Mono path[1] = 'C:/Program Files/Unity/Hub/Editor/2020.3.28f1/Editor/Data/MonoBleedingEdge/lib/mono/unityjit'
Mono config path = 'C:/Program Files/Unity/Hub/Editor/2020.3.28f1/Editor/Data/MonoBleedingEdge/etc'
Using monoOptions --debugger-agent=transport=dt_socket,embedding=1,server=y,suspend=n,address=127.0.0.1:56588
Begin MonoManager ReloadAssembly
Registering precompiled unity dll's ...
Register platform support module: C:/Program Files/Unity/Hub/Editor/2020.3.28f1/Editor/Data/PlaybackEngines/WebGLSupport/UnityEditor.WebGL.Extensions.dll
Register platform support module: C:/Program Files/Unity/Hub/Editor/2020.3.28f1/Editor/Data/PlaybackEngines/WindowsStandaloneSupport/UnityEditor.WindowsStandalone.Extensions.dll
Registered in 0.003082 seconds.
Native extension for WindowsStandalone target not found
Native extension for WebGL target not found
Refreshing native plugins compatible for Editor in 76.96 ms, found 3 plugins.
Preloading 0 native plugins for Editor in 0.00 ms.
Mono: successfully reloaded assembly
- Completed reload, in  0.690 seconds
Domain Reload Profiling:
	ReloadAssembly (690ms)
		BeginReloadAssembly (72ms)
			ExecutionOrderSort (0ms)
			DisableScriptedObjects (0ms)
			BackupInstance (0ms)
			ReleaseScriptingObjects (0ms)
			CreateAndSetChildDomain (1ms)
		EndReloadAssembly (535ms)
			LoadAssemblies (70ms)
			RebuildTransferFunctionScriptingTraits (0ms)
			SetupTypeCache (169ms)
			ReleaseScriptCaches (0ms)
			RebuildScriptCaches (34ms)
			SetupLoadedEditorAssemblies (223ms)
				LogAssemblyErrors (0ms)
				InitializePlatformSupportModulesInManaged (6ms)
				SetLoadedEditorAssemblies (0ms)
				RefreshPlugins (77ms)
				BeforeProcessingInitializeOnLoad (15ms)
				ProcessInitializeOnLoadAttributes (98ms)
				ProcessInitializeOnLoadMethodAttributes (28ms)
				AfterProcessingInitializeOnLoad (0ms)
				EditorAssembliesLoaded (0ms)
			ExecutionOrderSort2 (0ms)
			AwakeInstancesAfterBackupRestoration (0ms)
Platform modules already initialized, skipping
Registering precompiled user dll's ...
Registered in 0.010407 seconds.
Begin MonoManager ReloadAssembly
Native extension for WindowsStandalone target not found
Native extension for WebGL target not found
Refreshing native plugins compatible for Editor in 66.34 ms, found 3 plugins.
Preloading 0 native plugins for Editor in 0.00 ms.
Mono: successfully reloaded assembly
- Completed reload, in  2.090 seconds
Domain Reload Profiling:
	ReloadAssembly (2091ms)
		BeginReloadAssembly (179ms)
			ExecutionOrderSort (0ms)
			DisableScriptedObjects (5ms)
			BackupInstance (0ms)
			ReleaseScriptingObjects (0ms)
			CreateAndSetChildDomain (32ms)
		EndReloadAssembly (1842ms)
			LoadAssemblies (121ms)
			RebuildTransferFunctionScriptingTraits (0ms)
			SetupTypeCache (397ms)
			ReleaseScriptCaches (1ms)
			RebuildScriptCaches (60ms)
			SetupLoadedEditorAssemblies (1141ms)
				LogAssemblyErrors (0ms)
				InitializePlatformSupportModulesInManaged (5ms)
				SetLoadedEditorAssemblies (0ms)
				RefreshPlugins (66ms)
				BeforeProcessingInitializeOnLoad (100ms)
				ProcessInitializeOnLoadAttributes (951ms)
				ProcessInitializeOnLoadMethodAttributes (8ms)
				AfterProcessingInitializeOnLoad (9ms)
				EditorAssembliesLoaded (0ms)
			ExecutionOrderSort2 (0ms)
			AwakeInstancesAfterBackupRestoration (7ms)
Platform modules already initialized, skipping
========================================================================
Worker process is ready to serve import requests
Launched and connected shader compiler UnityShaderCompiler.exe after 0.10 seconds
Refreshing native plugins compatible for Editor in 1.07 ms, found 3 plugins.
Preloading 0 native plugins for Editor in 0.00 ms.
Unloading 2865 Unused Serialized files (Serialized files now loaded: 0)
System memory in use before: 131.8 MB.
System memory in use after: 127.8 MB.

Unloading 91 unused Assets to reduce memory usage. Loaded Objects now: 3231.
Total: 6.072300 ms (FindLiveObjects: 0.215900 ms CreateObjectMapping: 0.114000 ms MarkObjects: 3.738800 ms  DeleteObjects: 2.002800 ms)

AssetImportParameters requested are different than current active one (requested -> active):
  custom:framework-win-MediaFoundation: 216162199b28c13a410421893ffa2e32 -> 
  custom:video-decoder-ogg-theora: a1e56fd34408186e4bbccfd4996cb3dc -> 
  custom:container-muxer-webm: aa71ff27fc2769a1b78a27578f13a17b -> 
  custom:container-demuxer-webm: 4f35f7cbe854078d1ac9338744f61a02 -> 
  custom:container-demuxer-ogg: 62fdf1f143b41e24485cea50d1cbac27 -> 
  custom:video-encoder-webm-vp8: eb34c28f22e8b96e1ab97ce403110664 -> 
  custom:video-codec-MediaFoundation-h265: 746d11721c4dcdbdad8f713fa42b33f4 -> 
  custom:video-decoder-webm-vp8: 9c59270c3fd7afecdb556c50c9e8de78 -> 
  custom:audio-decoder-ogg-vorbis: bf7c407c2cedff20999df2af8eb42d56 -> 
  custom:audio-encoder-webm-vorbis: bf7c407c2cedff20999df2af8eb42d56 -> 
========================================================================
Received Import Request.
  path: Assets/Karting/Art/Materials/Kart_Classic/ML_KartBody.mat
  artifactKey: Guid(92461c21480194ccfa4491e9bb4421c3) Importer(815301076,1909f56bfc062723c751e8b465ee728b)
Start importing Assets/Karting/Art/Materials/Kart_Classic/ML_KartBody.mat using Guid(92461c21480194ccfa4491e9bb4421c3) Importer(815301076,1909f56bfc062723c751e8b465ee728b)  -> (artifact id: 'ce65799b1f1a1ad4e036a08556e201da') in 0.356251 seconds 
  Import took 0.360702 seconds .

========================================================================
Received Import Request.
  Time since last request: 0.000380 seconds.
  path: Assets/Karting/Prefabs/KartClassic/MLAgent_Sensors.prefab
  artifactKey: Guid(89eb64e47eca20d46b2b6de7cb33fb77) Importer(815301076,1909f56bfc062723c751e8b465ee728b)
Start importing Assets/Karting/Prefabs/KartClassic/MLAgent_Sensors.prefab using Guid(89eb64e47eca20d46b2b6de7cb33fb77) Importer(815301076,1909f56bfc062723c751e8b465ee728b)  -> (artifact id: '5b3cce7d1c0ae8acd06f52c0a4ed624f') in 0.021033 seconds 
  Import took 0.025766 seconds .

========================================================================
Received Import Request.
  Time since last request: 0.000343 seconds.
  path: Assets/Karting/Art/Materials/Characters/Material_MLAgent.mat
  artifactKey: Guid(c794895b4346d4b7bb39188becd35c0e) Importer(815301076,1909f56bfc062723c751e8b465ee728b)
Start importing Assets/Karting/Art/Materials/Characters/Material_MLAgent.mat using Guid(c794895b4346d4b7bb39188becd35c0e) Importer(815301076,1909f56bfc062723c751e8b465ee728b)  -> (artifact id: '837cd5d13f7e172d8988c805f099dd18') in 0.017656 seconds 
  Import took 0.022543 seconds .

========================================================================
Received Import Request.
  Time since last request: 0.000278 seconds.
  path: Assets/Karting/Prefabs/KartClassic/KartClassic_MLAgent.prefab
  artifactKey: Guid(5f7c5784d4776074089b56351be94b74) Importer(815301076,1909f56bfc062723c751e8b465ee728b)
Start importing Assets/Karting/Prefabs/KartClassic/KartClassic_MLAgent.prefab using Guid(5f7c5784d4776074089b56351be94b74) Importer(815301076,1909f56bfc062723c751e8b465ee728b)  -> (artifact id: '0ea0f9186c082f94eeb958f05eb79947') in 0.067587 seconds 
  Import took 0.073831 seconds .

========================================================================
Received Import Request.
  Time since last request: 8.401117 seconds.
  path: Assets/Karting/ModularTrackKit/Models/ModularTrackCantMediumLeft.fbx
  artifactKey: Guid(193fbff110f9a4b5ea39398504a85034) Importer(815301076,1909f56bfc062723c751e8b465ee728b)
Start importing Assets/Karting/ModularTrackKit/Models/ModularTrackCantMediumLeft.fbx using Guid(193fbff110f9a4b5ea39398504a85034) Importer(815301076,1909f56bfc062723c751e8b465ee728b)  -> (artifact id: '0b21727bb667f733f67464ce6febc81b') in 0.057276 seconds 
  Import took 0.064325 seconds .

========================================================================
Received Import Request.
  Time since last request: 0.000398 seconds.
  path: Assets/Karting/ModularTrackKit/Prefabs/ModularTrackCantMediumLeft.prefab
  artifactKey: Guid(ea87863efa0b941408cdd4b102308f4c) Importer(815301076,1909f56bfc062723c751e8b465ee728b)
Start importing Assets/Karting/ModularTrackKit/Prefabs/ModularTrackCantMediumLeft.prefab using Guid(ea87863efa0b941408cdd4b102308f4c) Importer(815301076,1909f56bfc062723c751e8b465ee728b)  -> (artifact id: '46e3b757949a78929545c6ead4086ebd') in 0.180700 seconds 
  Import took 0.185729 seconds .

========================================================================
Received Import Request.
  Time since last request: 0.000314 seconds.
  path: Assets/Karting/ModularTrackKit/Models/ModularTrackCurveMediumLeft.fbx
  artifactKey: Guid(fd8897a9f46db4ff1ba74975ec44af36) Importer(815301076,1909f56bfc062723c751e8b465ee728b)
Start importing Assets/Karting/ModularTrackKit/Models/ModularTrackCurveMediumLeft.fbx using Guid(fd8897a9f46db4ff1ba74975ec44af36) Importer(815301076,1909f56bfc062723c751e8b465ee728b)  -> (artifact id: 'cede322177730bc4a22e975d420794f3') in 0.035351 seconds 
  Import took 0.040399 seconds .

========================================================================
Received Prepare
Registering precompiled user dll's ...
Registered in 0.012186 seconds.
Begin MonoManager ReloadAssembly
Native extension for WindowsStandalone target not found
Native extension for WebGL target not found
Refreshing native plugins compatible for Editor in 0.92 ms, found 3 plugins.
Preloading 0 native plugins for Editor in 0.00 ms.
Mono: successfully reloaded assembly
- Completed reload, in  1.841 seconds
Domain Reload Profiling:
	ReloadAssembly (1842ms)
		BeginReloadAssembly (203ms)
			ExecutionOrderSort (0ms)
			DisableScriptedObjects (8ms)
			BackupInstance (0ms)
			ReleaseScriptingObjects (0ms)
			CreateAndSetChildDomain (68ms)
		EndReloadAssembly (1543ms)
			LoadAssemblies (166ms)
			RebuildTransferFunctionScriptingTraits (0ms)
			SetupTypeCache (499ms)
			ReleaseScriptCaches (1ms)
			RebuildScriptCaches (68ms)
			SetupLoadedEditorAssemblies (660ms)
				LogAssemblyErrors (0ms)
				InitializePlatformSupportModulesInManaged (7ms)
				SetLoadedEditorAssemblies (1ms)
				RefreshPlugins (1ms)
				BeforeProcessingInitializeOnLoad (157ms)
				ProcessInitializeOnLoadAttributes (474ms)
				ProcessInitializeOnLoadMethodAttributes (10ms)
				AfterProcessingInitializeOnLoad (10ms)
				EditorAssembliesLoaded (0ms)
			ExecutionOrderSort2 (0ms)
			AwakeInstancesAfterBackupRestoration (9ms)
Platform modules already initialized, skipping
Refreshing native plugins compatible for Editor in 1.16 ms, found 3 plugins.
Preloading 0 native plugins for Editor in 0.00 ms.
Unloading 2853 Unused Serialized files (Serialized files now loaded: 0)
System memory in use before: 134.5 MB.
System memory in use after: 130.6 MB.

Unloading 87 unused Assets to reduce memory usage. Loaded Objects now: 3277.
Total: 11.612800 ms (FindLiveObjects: 0.415000 ms CreateObjectMapping: 0.252200 ms MarkObjects: 6.873400 ms  DeleteObjects: 4.070800 ms)

AssetImportParameters requested are different than current active one (requested -> active):
  custom:framework-win-MediaFoundation: 216162199b28c13a410421893ffa2e32 -> 
  custom:video-decoder-ogg-theora: a1e56fd34408186e4bbccfd4996cb3dc -> 
  custom:container-muxer-webm: aa71ff27fc2769a1b78a27578f13a17b -> 
  custom:container-demuxer-webm: 4f35f7cbe854078d1ac9338744f61a02 -> 
  custom:container-demuxer-ogg: 62fdf1f143b41e24485cea50d1cbac27 -> 
  custom:video-encoder-webm-vp8: eb34c28f22e8b96e1ab97ce403110664 -> 
  custom:video-codec-MediaFoundation-h265: 746d11721c4dcdbdad8f713fa42b33f4 -> 
  custom:video-decoder-webm-vp8: 9c59270c3fd7afecdb556c50c9e8de78 -> 
  custom:audio-decoder-ogg-vorbis: bf7c407c2cedff20999df2af8eb42d56 -> 
  custom:audio-encoder-webm-vorbis: bf7c407c2cedff20999df2af8eb42d56 -> 
========================================================================
Received Import Request.
  Time since last request: 1390.055266 seconds.
  path: Assets/Karting/ModularTrackKit/Materials/Modular_Track_Lane_Divider.mat
  artifactKey: Guid(7b5f0a7a707e04e939eb8c5dee8e084c) Importer(815301076,1909f56bfc062723c751e8b465ee728b)
Start importing Assets/Karting/ModularTrackKit/Materials/Modular_Track_Lane_Divider.mat using Guid(7b5f0a7a707e04e939eb8c5dee8e084c) Importer(815301076,1909f56bfc062723c751e8b465ee728b)  -> (artifact id: 'ffd35125df6d2b6fd4bac346b21baff2') in 0.100809 seconds 
  Import took 0.114521 seconds .

========================================================================
Received Import Request.
  Time since last request: 0.000424 seconds.
  path: Assets/Karting/ModularTrackKit/Models/ModularTrackBank.fbx
  artifactKey: Guid(994f97374df6444279b54b520d1535c3) Importer(815301076,1909f56bfc062723c751e8b465ee728b)
Start importing Assets/Karting/ModularTrackKit/Models/ModularTrackBank.fbx using Guid(994f97374df6444279b54b520d1535c3) Importer(815301076,1909f56bfc062723c751e8b465ee728b)  -> (artifact id: '9bab345e6690876b8bfd9ead688e0ee3') in 0.063740 seconds 
  Import took 0.068320 seconds .

========================================================================
Received Import Request.
  Time since last request: 0.000305 seconds.
  path: Assets/Karting/ModularTrackKit/Prefabs/ModularTrackCantSmallRight.prefab
  artifactKey: Guid(d1fedb17811a845a798a9217e0dbc9aa) Importer(815301076,1909f56bfc062723c751e8b465ee728b)
Start importing Assets/Karting/ModularTrackKit/Prefabs/ModularTrackCantSmallRight.prefab using Guid(d1fedb17811a845a798a9217e0dbc9aa) Importer(815301076,1909f56bfc062723c751e8b465ee728b)  -> (artifact id: '492e93c1f6fbf7cebf9ffb2702816357') in 0.019604 seconds 
  Import took 0.025609 seconds .

========================================================================
Received Import Request.
  Time since last request: 0.000325 seconds.
  path: Assets/Karting/ModularTrackKit/Models/ModularTrackCurveLeft.fbx
  artifactKey: Guid(a0922edcbe6b74564b40735068507f0c) Importer(815301076,1909f56bfc062723c751e8b465ee728b)
Start importing Assets/Karting/ModularTrackKit/Models/ModularTrackCurveLeft.fbx using Guid(a0922edcbe6b74564b40735068507f0c) Importer(815301076,1909f56bfc062723c751e8b465ee728b)  -> (artifact id: '7d540fada910db1d632a624b888785b9') in 0.033873 seconds 
  Import took 0.039878 seconds .

========================================================================
Received Import Request.
  Time since last request: 0.000216 seconds.
  path: Assets/Karting/ModularTrackKit/Prefabs/ModularTrackCurveLarge.prefab
  artifactKey: Guid(06604f26f581c4de08c3f45572924c7d) Importer(815301076,1909f56bfc062723c751e8b465ee728b)
Start importing Assets/Karting/ModularTrackKit/Prefabs/ModularTrackCurveLarge.prefab using Guid(06604f26f581c4de08c3f45572924c7d) Importer(815301076,1909f56bfc062723c751e8b465ee728b)  -> (artifact id: '306ebde1ea42ee4acfe84db12a043e60') in 0.018723 seconds 
  Import took 0.024524 seconds .

========================================================================
Received Import Request.
  Time since last request: 0.000348 seconds.
  path: Assets/Karting/ModularTrackKit/Prefabs/ModularTrackRampCurveRight.prefab
  artifactKey: Guid(7973c59434836422cbd71f26d6c1293e) Importer(815301076,1909f56bfc062723c751e8b465ee728b)
Start importing Assets/Karting/ModularTrackKit/Prefabs/ModularTrackRampCurveRight.prefab using Guid(7973c59434836422cbd71f26d6c1293e) Importer(815301076,1909f56bfc062723c751e8b465ee728b)  -> (artifact id: 'fb818bd48372413365c17058b2e6a4b5') in 0.018085 seconds 
  Import took 0.025055 seconds .

========================================================================
Received Import Request.
  Time since last request: 0.000333 seconds.
  path: Assets/Karting/ModularTrackKit/Prefabs/ModularTrackCurveSmall.prefab
  artifactKey: Guid(e2299f494e1674e9684aad2e11474f9d) Importer(815301076,1909f56bfc062723c751e8b465ee728b)
Start importing Assets/Karting/ModularTrackKit/Prefabs/ModularTrackCurveSmall.prefab using Guid(e2299f494e1674e9684aad2e11474f9d) Importer(815301076,1909f56bfc062723c751e8b465ee728b)  -> (artifact id: '3de2370248ff0c114acc7dbf987bc705') in 0.018943 seconds 
  Import took 0.026104 seconds .

========================================================================
Received Import Request.
  Time since last request: 0.000357 seconds.
  path: Assets/Karting/ModularTrackKit/Models/ModularTrackBumpyStraight.fbx
  artifactKey: Guid(8bd11d186751541b5bbd80f5cf827fee) Importer(815301076,1909f56bfc062723c751e8b465ee728b)
Start importing Assets/Karting/ModularTrackKit/Models/ModularTrackBumpyStraight.fbx using Guid(8bd11d186751541b5bbd80f5cf827fee) Importer(815301076,1909f56bfc062723c751e8b465ee728b)  -> (artifact id: '2afe43feefa87ef48e7b4e34f0f12f03') in 0.035334 seconds 
  Import took 0.041114 seconds .

========================================================================
Received Import Request.
  Time since last request: 0.000369 seconds.
  path: Assets/Karting/ModularTrackKit/Models/ModularTrackCantSmallLeft.fbx
  artifactKey: Guid(4bf1a364dc54642f9a8a2d20c3cae318) Importer(815301076,1909f56bfc062723c751e8b465ee728b)
Start importing Assets/Karting/ModularTrackKit/Models/ModularTrackCantSmallLeft.fbx using Guid(4bf1a364dc54642f9a8a2d20c3cae318) Importer(815301076,1909f56bfc062723c751e8b465ee728b)  -> (artifact id: '3da8f9bdd0008ebea294baab0443f239') in 0.033527 seconds 
  Import took 0.039887 seconds .

========================================================================
Received Import Request.
  Time since last request: 0.000344 seconds.
  path: Assets/Karting/ModularTrackKit/Prefabs/ModularTrackBumpyStraight.prefab
  artifactKey: Guid(9b9f6390b3dee44e4ba03d5f3f76dacb) Importer(815301076,1909f56bfc062723c751e8b465ee728b)
Start importing Assets/Karting/ModularTrackKit/Prefabs/ModularTrackBumpyStraight.prefab using Guid(9b9f6390b3dee44e4ba03d5f3f76dacb) Importer(815301076,1909f56bfc062723c751e8b465ee728b)  -> (artifact id: 'aa2e5cc341a9497f93e7302df62c77df') in 0.016212 seconds 
  Import took 0.021574 seconds .

========================================================================
Received Import Request.
  Time since last request: 0.000272 seconds.
  path: Assets/Karting/ModularTrackKit/Prefabs/ModularTrackSCurveLeft.prefab
  artifactKey: Guid(4ceb0af72927442b89171edb85a2ccfa) Importer(815301076,1909f56bfc062723c751e8b465ee728b)
Start importing Assets/Karting/ModularTrackKit/Prefabs/ModularTrackSCurveLeft.prefab using Guid(4ceb0af72927442b89171edb85a2ccfa) Importer(815301076,1909f56bfc062723c751e8b465ee728b)  -> (artifact id: 'eb53bb613e9a49899c44d969ec74adfd') in 0.015841 seconds 
  Import took 0.022338 seconds .

========================================================================
Received Import Request.
  Time since last request: 0.000302 seconds.
  path: Assets/Karting/ModularTrackKit/Prefabs/ModularTrackBank.prefab
  artifactKey: Guid(40edbcc1d6247412ea82349e34d5add5) Importer(815301076,1909f56bfc062723c751e8b465ee728b)
Start importing Assets/Karting/ModularTrackKit/Prefabs/ModularTrackBank.prefab using Guid(40edbcc1d6247412ea82349e34d5add5) Importer(815301076,1909f56bfc062723c751e8b465ee728b)  -> (artifact id: '2cd5b0fb8d55eb2e7d789771cb0a8f8c') in 0.015624 seconds 
  Import took 0.021626 seconds .

========================================================================
Received Import Request.
  Time since last request: 0.000314 seconds.
  path: Assets/Karting/ModularTrackKit/Models/ModularTrackCurveLargeLeft.fbx
  artifactKey: Guid(3cc54c2c67fc34a1abe6fe43c889f8e3) Importer(815301076,1909f56bfc062723c751e8b465ee728b)
Start importing Assets/Karting/ModularTrackKit/Models/ModularTrackCurveLargeLeft.fbx using Guid(3cc54c2c67fc34a1abe6fe43c889f8e3) Importer(815301076,1909f56bfc062723c751e8b465ee728b)  -> (artifact id: '70b1650ead4e52d850b396bb203e5311') in 0.033286 seconds 
  Import took 0.039278 seconds .

========================================================================
Received Import Request.
  Time since last request: 0.000324 seconds.
  path: Assets/Karting/ModularTrackKit/Materials/Modular_Track_Road.mat
  artifactKey: Guid(58da84021fce340e9b877f63d3e18336) Importer(815301076,1909f56bfc062723c751e8b465ee728b)
Start importing Assets/Karting/ModularTrackKit/Materials/Modular_Track_Road.mat using Guid(58da84021fce340e9b877f63d3e18336) Importer(815301076,1909f56bfc062723c751e8b465ee728b)  -> (artifact id: 'd3ca9546784f8bcdae6ec4266b055cf8') in 0.016524 seconds 
  Import took 0.022421 seconds .

========================================================================
Received Import Request.
  Time since last request: 0.000319 seconds.
  path: Assets/Karting/ModularTrackKit/Prefabs/ModularTrackCantSmallLeft.prefab
  artifactKey: Guid(bed96e97bcaad4383aa9baa8c101f0bf) Importer(815301076,1909f56bfc062723c751e8b465ee728b)
Start importing Assets/Karting/ModularTrackKit/Prefabs/ModularTrackCantSmallLeft.prefab using Guid(bed96e97bcaad4383aa9baa8c101f0bf) Importer(815301076,1909f56bfc062723c751e8b465ee728b)  -> (artifact id: 'd5a39662bbb5e15ba37d81beffa4db59') in 0.015648 seconds 
  Import took 0.022823 seconds .

========================================================================
Received Import Request.
  Time since last request: 0.000367 seconds.
  path: Assets/Karting/ModularTrackKit/Models/ModularTrackCantMediumRight.fbx
  artifactKey: Guid(da23b199c8ab5479e812925e733aaf8f) Importer(815301076,1909f56bfc062723c751e8b465ee728b)
Start importing Assets/Karting/ModularTrackKit/Models/ModularTrackCantMediumRight.fbx using Guid(da23b199c8ab5479e812925e733aaf8f) Importer(815301076,1909f56bfc062723c751e8b465ee728b)  -> (artifact id: '223c144a6f6cb4eab6af6304e4927d4a') in 0.031905 seconds 
  Import took 0.039582 seconds .

========================================================================
Received Import Request.
  Time since last request: 0.000276 seconds.
  path: Assets/Karting/ModularTrackKit/Models/ModularTrackCantSmallRight.fbx
  artifactKey: Guid(52f3b50c1579446dfa7dac35f5ac2e0a) Importer(815301076,1909f56bfc062723c751e8b465ee728b)
Start importing Assets/Karting/ModularTrackKit/Models/ModularTrackCantSmallRight.fbx using Guid(52f3b50c1579446dfa7dac35f5ac2e0a) Importer(815301076,1909f56bfc062723c751e8b465ee728b)  -> (artifact id: 'e17ad062dc5a6f2af7a3c641152cad92') in 0.028472 seconds 
  Import took 0.034228 seconds .

========================================================================
Received Import Request.
  Time since last request: 0.000346 seconds.
  path: Assets/Karting/ModularTrackKit/Prefabs/ModularTrackCurveMedium.prefab
  artifactKey: Guid(4f11626d6f47a444289c55bbe896ec98) Importer(815301076,1909f56bfc062723c751e8b465ee728b)
Start importing Assets/Karting/ModularTrackKit/Prefabs/ModularTrackCurveMedium.prefab using Guid(4f11626d6f47a444289c55bbe896ec98) Importer(815301076,1909f56bfc062723c751e8b465ee728b)  -> (artifact id: '6c068c443cc6ba7b1fd8f9300ab99fe4') in 0.019083 seconds 
  Import took 0.025380 seconds .

========================================================================
Received Import Request.
  Time since last request: 0.000320 seconds.
  path: Assets/Karting/ModularTrackKit/Models/ModularTrackSCurveLeft.fbx
  artifactKey: Guid(becaefafb9fa24fe8bc0bbb4ce749bcc) Importer(815301076,1909f56bfc062723c751e8b465ee728b)
Start importing Assets/Karting/ModularTrackKit/Models/ModularTrackSCurveLeft.fbx using Guid(becaefafb9fa24fe8bc0bbb4ce749bcc) Importer(815301076,1909f56bfc062723c751e8b465ee728b)  -> (artifact id: '11d76990796af7fcda665ddfad11bd37') in 0.031556 seconds 
  Import took 0.037774 seconds .

========================================================================
Received Import Request.
  Time since last request: 0.000368 seconds.
  path: Assets/Karting/ModularTrackKit/Prefabs/ModularTrackRamp.prefab
  artifactKey: Guid(1c994073ac1d5445695ce53ec5195532) Importer(815301076,1909f56bfc062723c751e8b465ee728b)
Start importing Assets/Karting/ModularTrackKit/Prefabs/ModularTrackRamp.prefab using Guid(1c994073ac1d5445695ce53ec5195532) Importer(815301076,1909f56bfc062723c751e8b465ee728b)  -> (artifact id: 'c1f89302b8a8ec7f11196ad262f5bb16') in 0.017878 seconds 
  Import took 0.024852 seconds .

========================================================================
Received Import Request.
  Time since last request: 0.000362 seconds.
  path: Assets/Karting/ModularTrackKit/Models/ModularTrackSpiralLeft.fbx
  artifactKey: Guid(5830767f6fba8446ebc1160d406849b5) Importer(815301076,1909f56bfc062723c751e8b465ee728b)
Start importing Assets/Karting/ModularTrackKit/Models/ModularTrackSpiralLeft.fbx using Guid(5830767f6fba8446ebc1160d406849b5) Importer(815301076,1909f56bfc062723c751e8b465ee728b)  -> (artifact id: '24b8bba25ed3750bc1302be1c41539e7') in 0.030849 seconds 
  Import took 0.036757 seconds .

========================================================================
Received Import Request.
  Time since last request: 0.000252 seconds.
  path: Assets/Karting/ModularTrackKit/Prefabs/ModularTrackRampCurveLeft.prefab
  artifactKey: Guid(634c4192803244032a1b1c99cff02eff) Importer(815301076,1909f56bfc062723c751e8b465ee728b)
Start importing Assets/Karting/ModularTrackKit/Prefabs/ModularTrackRampCurveLeft.prefab using Guid(634c4192803244032a1b1c99cff02eff) Importer(815301076,1909f56bfc062723c751e8b465ee728b)  -> (artifact id: 'c2181d91dbce6890f6a2ffec41f23b88') in 0.017122 seconds 
  Import took 0.022690 seconds .

========================================================================
Received Import Request.
  Time since last request: 0.000346 seconds.
  path: Assets/Karting/ModularTrackKit/Models/ModularTrackRampCurveLeft.fbx
  artifactKey: Guid(05fede2a6022d42b1ade2912387039fa) Importer(815301076,1909f56bfc062723c751e8b465ee728b)
Start importing Assets/Karting/ModularTrackKit/Models/ModularTrackRampCurveLeft.fbx using Guid(05fede2a6022d42b1ade2912387039fa) Importer(815301076,1909f56bfc062723c751e8b465ee728b)  -> (artifact id: '84861147d037e6f3685217cd88267e9d') in 0.028574 seconds 
  Import took 0.033805 seconds .

========================================================================
Received Import Request.
  Time since last request: 0.000289 seconds.
  path: Assets/Karting/ModularTrackKit/Models/ModularTrackRamp.fbx
  artifactKey: Guid(fb55a8802f7114aceb2a7d7f0918153b) Importer(815301076,1909f56bfc062723c751e8b465ee728b)
Start importing Assets/Karting/ModularTrackKit/Models/ModularTrackRamp.fbx using Guid(fb55a8802f7114aceb2a7d7f0918153b) Importer(815301076,1909f56bfc062723c751e8b465ee728b)  -> (artifact id: '6bfeb2308ea26fc17fb22bdf1f8289b2') in 0.028649 seconds 
  Import took 0.033193 seconds .

========================================================================
Received Import Request.
  Time since last request: 0.000273 seconds.
  path: Assets/Karting/ModularTrackKit/Models/ModularTrackRampCurveRight.fbx
  artifactKey: Guid(f06addda049014caaa30b7f4b73e447d) Importer(815301076,1909f56bfc062723c751e8b465ee728b)
Start importing Assets/Karting/ModularTrackKit/Models/ModularTrackRampCurveRight.fbx using Guid(f06addda049014caaa30b7f4b73e447d) Importer(815301076,1909f56bfc062723c751e8b465ee728b)  -> (artifact id: '11a563c46713415487c6897b348b4bf3') in 0.030595 seconds 
  Import took 0.035978 seconds .

========================================================================
Received Import Request.
  Time since last request: 0.000335 seconds.
  path: Assets/Karting/ModularTrackKit/Prefabs/ModularTrackSCurveRight.prefab
  artifactKey: Guid(815aae46d0dac409c9d6902909a1db0d) Importer(815301076,1909f56bfc062723c751e8b465ee728b)
Start importing Assets/Karting/ModularTrackKit/Prefabs/ModularTrackSCurveRight.prefab using Guid(815aae46d0dac409c9d6902909a1db0d) Importer(815301076,1909f56bfc062723c751e8b465ee728b)  -> (artifact id: 'dcd0ea340c34cf9e93783edc34586ef1') in 0.016422 seconds 
  Import took 0.023346 seconds .

========================================================================
Received Import Request.
  Time since last request: 0.000403 seconds.
  path: Assets/Karting/ModularTrackKit/Models/ModularTrackSCurveRight.fbx
  artifactKey: Guid(109245566253c1c4aaa181dd71fad1a5) Importer(815301076,1909f56bfc062723c751e8b465ee728b)
Start importing Assets/Karting/ModularTrackKit/Models/ModularTrackSCurveRight.fbx using Guid(109245566253c1c4aaa181dd71fad1a5) Importer(815301076,1909f56bfc062723c751e8b465ee728b)  -> (artifact id: 'ed3012b9b8e24984e5fd533a71701016') in 0.030099 seconds 
  Import took 0.035820 seconds .

========================================================================
Received Import Request.
  Time since last request: 0.000289 seconds.
  path: Assets/Karting/ModularTrackKit/Prefabs/ModularTrackCantMediumRight.prefab
  artifactKey: Guid(877fc6ef080ba4ecd8a8651303bb0d66) Importer(815301076,1909f56bfc062723c751e8b465ee728b)
Start importing Assets/Karting/ModularTrackKit/Prefabs/ModularTrackCantMediumRight.prefab using Guid(877fc6ef080ba4ecd8a8651303bb0d66) Importer(815301076,1909f56bfc062723c751e8b465ee728b)  -> (artifact id: 'b9924783ee5e27a248a09f1ab402ef4f') in 0.014391 seconds 
  Import took 0.019195 seconds .

========================================================================
Received Import Request.
  Time since last request: 25.055329 seconds.
  path: Assets/Karting/ModularTrackKit/Models/ModularTrackSpiralRight.fbx
  artifactKey: Guid(c7a29af1540b44b788f2c5e5cafe7a7c) Importer(815301076,1909f56bfc062723c751e8b465ee728b)
Start importing Assets/Karting/ModularTrackKit/Models/ModularTrackSpiralRight.fbx using Guid(c7a29af1540b44b788f2c5e5cafe7a7c) Importer(815301076,1909f56bfc062723c751e8b465ee728b)  -> (artifact id: '7040079589634ea0339211f6896d1e0d') in 0.072439 seconds 
  Import took 0.085860 seconds .

========================================================================
Received Import Request.
  Time since last request: 0.000398 seconds.
  path: Assets/Karting/ModularTrackKit/Models/ModularTrackStraight.fbx
  artifactKey: Guid(4c266eccb4ff24ae9aeaf6fa734f60ea) Importer(815301076,1909f56bfc062723c751e8b465ee728b)
Start importing Assets/Karting/ModularTrackKit/Models/ModularTrackStraight.fbx using Guid(4c266eccb4ff24ae9aeaf6fa734f60ea) Importer(815301076,1909f56bfc062723c751e8b465ee728b)  -> (artifact id: '56f53e2bd83d8e124799cc34c85a8c97') in 0.064227 seconds 
  Import took 0.068536 seconds .

========================================================================
Received Import Request.
  Time since last request: 15.790174 seconds.
  path: Assets/Mod Assets/ModResources/BillboardMaterials/Billboard Frame.mat
  artifactKey: Guid(190c04ee61aaa410e8650f7fc1ce7f41) Importer(815301076,1909f56bfc062723c751e8b465ee728b)
Start importing Assets/Mod Assets/ModResources/BillboardMaterials/Billboard Frame.mat using Guid(190c04ee61aaa410e8650f7fc1ce7f41) Importer(815301076,1909f56bfc062723c751e8b465ee728b)  -> (artifact id: '20f97645bc7223919c3bb21c4b4cbbf5') in 0.024428 seconds 
  Import took 0.029900 seconds .

========================================================================
Received Import Request.
  Time since last request: 0.000329 seconds.
  path: Assets/Karting/Tutorials/1 Get started/Get Started 04-Hierarchy-Intro.asset
  artifactKey: Guid(711cc3d0de12846669d9e54d15ce9e04) Importer(815301076,1909f56bfc062723c751e8b465ee728b)
Start importing Assets/Karting/Tutorials/1 Get started/Get Started 04-Hierarchy-Intro.asset using Guid(711cc3d0de12846669d9e54d15ce9e04) Importer(815301076,1909f56bfc062723c751e8b465ee728b)  -> (artifact id: 'efed575f49c8def7fd6ea0810e682678') in 0.047857 seconds 
  Import took 0.052871 seconds .

========================================================================
Received Import Request.
  Time since last request: 0.000495 seconds.
  path: Assets/Mod Assets/ModResources/Fonts/CormorantUnicase-Regular SDF.asset
  artifactKey: Guid(ba62bccd3bc0142bc9a0bc1addeaadce) Importer(815301076,1909f56bfc062723c751e8b465ee728b)
Start importing Assets/Mod Assets/ModResources/Fonts/CormorantUnicase-Regular SDF.asset using Guid(ba62bccd3bc0142bc9a0bc1addeaadce) Importer(815301076,1909f56bfc062723c751e8b465ee728b)  -> (artifact id: '8fa13d2bde3f1d5d38623fa63de38bee') in 0.064487 seconds 
  Import took 0.069125 seconds .

========================================================================
Received Import Request.
  Time since last request: 0.000325 seconds.
  path: Assets/Karting/Prefabs/Props/JumpRamp.prefab
  artifactKey: Guid(db0af21853ba047fda7b6e30b74ffedf) Importer(815301076,1909f56bfc062723c751e8b465ee728b)
Start importing Assets/Karting/Prefabs/Props/JumpRamp.prefab using Guid(db0af21853ba047fda7b6e30b74ffedf) Importer(815301076,1909f56bfc062723c751e8b465ee728b)  -> (artifact id: '6ff4140c8ba09940af2457570e757d17') in 0.021560 seconds 
  Import took 0.026744 seconds .

========================================================================
Received Import Request.
  Time since last request: 0.000344 seconds.
  path: Assets/Karting/PhysicsMaterials/CrashObjectFriction.physicMaterial
  artifactKey: Guid(0fcb759f3ea86e14395360c51926825c) Importer(815301076,1909f56bfc062723c751e8b465ee728b)
Start importing Assets/Karting/PhysicsMaterials/CrashObjectFriction.physicMaterial using Guid(0fcb759f3ea86e14395360c51926825c) Importer(815301076,1909f56bfc062723c751e8b465ee728b)  -> (artifact id: '667706bebf34300b8ef67fe24c079254') in 0.012090 seconds 
  Import took 0.018380 seconds .

========================================================================
Received Import Request.
  Time since last request: 0.000328 seconds.
  path: Assets/Karting/Art/Models/BuildingRoofCentral.fbx
  artifactKey: Guid(0a64fcbabe32dac42b6b77115813e42d) Importer(815301076,1909f56bfc062723c751e8b465ee728b)
Start importing Assets/Karting/Art/Models/BuildingRoofCentral.fbx using Guid(0a64fcbabe32dac42b6b77115813e42d) Importer(815301076,1909f56bfc062723c751e8b465ee728b)  -> (artifact id: '576889b0a6ad382d205fa8d7cc0d1819') in 0.040588 seconds 
  Import took 0.046287 seconds .

========================================================================
Received Import Request.
  Time since last request: 0.000321 seconds.
  path: Assets/Karting/Prefabs/AI/KartClassic_NeuralNetwork.nn
  artifactKey: Guid(90f46a43ed0f2f548a60958c3c237264) Importer(815301076,1909f56bfc062723c751e8b465ee728b)
Start importing Assets/Karting/Prefabs/AI/KartClassic_NeuralNetwork.nn using Guid(90f46a43ed0f2f548a60958c3c237264) Importer(815301076,1909f56bfc062723c751e8b465ee728b) NullReferenceException
  at (wrapper managed-to-native) UnityEditor.EditorUtility.CopySerialized(UnityEngine.Object,UnityEngine.Object)
  at Unity.Barracuda.NNModelEditor.RenderStaticPreview (System.String assetPath, UnityEngine.Object[] subAssets, System.Int32 width, System.Int32 height) [0x00009] in C:\Users\test\Documents\GitHub\my2ndrepository\My project (1)\Library\PackageCache\com.unity.barracuda@1.0.4\Barracuda\Editor\ONNXModelImporterEditor.cs:85 
  at UnityEditor.AssetPreviewUpdater.CreatePreviewForAsset (UnityEngine.Object obj, UnityEngine.Object[] subAssets, System.String assetPath) [0x0008a] in <af1a2f671a98418f910899d70a717c00>:0 

 -> (artifact id: '9021bc1694fb395b90cb05ade297bd05') in 0.051082 seconds 
  Import took 0.055734 seconds .

========================================================================
Received Import Request.
  Time since last request: 0.000385 seconds.
  path: Assets/Mod Assets/ModResources/TrailMaterials/FireTrailMaterial.mat
  artifactKey: Guid(1cdc620dc87bd45acbd2dfd2cc6560eb) Importer(815301076,1909f56bfc062723c751e8b465ee728b)
Start importing Assets/Mod Assets/ModResources/TrailMaterials/FireTrailMaterial.mat using Guid(1cdc620dc87bd45acbd2dfd2cc6560eb) Importer(815301076,1909f56bfc062723c751e8b465ee728b)  -> (artifact id: '7e53c79ace527c73c7c8bb0ef59e8e96') in 0.102222 seconds 
  Import took 0.107472 seconds .

========================================================================
Received Import Request.
  Time since last request: 0.000380 seconds.
  path: Assets/Karting/Prefabs/TrainingTracks/CountryTrack_Training.prefab
  artifactKey: Guid(ca9b8cb628757af4fbb9f00728cb1711) Importer(815301076,1909f56bfc062723c751e8b465ee728b)
Start importing Assets/Karting/Prefabs/TrainingTracks/CountryTrack_Training.prefab using Guid(ca9b8cb628757af4fbb9f00728cb1711) Importer(815301076,1909f56bfc062723c751e8b465ee728b)  -> (artifact id: '2a237d669f596158cee42159da25db1f') in 0.030844 seconds 
  Import took 0.035918 seconds .

========================================================================
Received Import Request.
  Time since last request: 0.000367 seconds.
  path: Assets/Karting/Prefabs/Cameras/CinemachineVirtualCamera.prefab
  artifactKey: Guid(4366ba6a4d5213d4f9fc7bba3e778799) Importer(815301076,1909f56bfc062723c751e8b465ee728b)
Start importing Assets/Karting/Prefabs/Cameras/CinemachineVirtualCamera.prefab using Guid(4366ba6a4d5213d4f9fc7bba3e778799) Importer(815301076,1909f56bfc062723c751e8b465ee728b)  -> (artifact id: 'db0f1cc6f15b97d1e69bf63bb7f482b7') in 0.025133 seconds 
  Import took 0.029784 seconds .

========================================================================
Received Import Request.
  Time since last request: 0.000408 seconds.
  path: Assets/Karting/Art/Textures/UI/Gradiants.png
  artifactKey: Guid(69a090905eb8e8540b8a413214c097fb) Importer(815301076,1909f56bfc062723c751e8b465ee728b)
Start importing Assets/Karting/Art/Textures/UI/Gradiants.png using Guid(69a090905eb8e8540b8a413214c097fb) Importer(815301076,1909f56bfc062723c751e8b465ee728b)  -> (artifact id: '9351945510babc45f5676e2e548852b4') in 0.034799 seconds 
  Import took 0.039682 seconds .

========================================================================
Received Import Request.
  Time since last request: 0.000311 seconds.
  path: Assets/Karting/Prefabs/Tracks/CountryTrack.prefab
  artifactKey: Guid(c1465277406c31d4f95e76f5f908a3d4) Importer(815301076,1909f56bfc062723c751e8b465ee728b)
Start importing Assets/Karting/Prefabs/Tracks/CountryTrack.prefab using Guid(c1465277406c31d4f95e76f5f908a3d4) Importer(815301076,1909f56bfc062723c751e8b465ee728b)  -> (artifact id: '622fc8c11f34aa1f3a6a1cb43b914892') in 0.022035 seconds 
  Import took 0.027195 seconds .

========================================================================
Received Import Request.
  Time since last request: 0.000273 seconds.
  path: Assets/Mod Assets/Kart/Particle Prefabs/ConfettiCelebration.prefab
  artifactKey: Guid(2f5d313409ec64adc9647e645f3fd9f2) Importer(815301076,1909f56bfc062723c751e8b465ee728b)
Start importing Assets/Mod Assets/Kart/Particle Prefabs/ConfettiCelebration.prefab using Guid(2f5d313409ec64adc9647e645f3fd9f2) Importer(815301076,1909f56bfc062723c751e8b465ee728b)  -> (artifact id: 'd8d8fae0412a355da8ba1b2d2f507f5e') in 0.048047 seconds 
  Import took 0.053145 seconds .

========================================================================
Received Import Request.
  Time since last request: 0.000289 seconds.
  path: Assets/Mod Assets/Kart/Trail Prefabs/LaserTrail.prefab
  artifactKey: Guid(c6e20ffe6d2b946fb9896031aa048f90) Importer(815301076,1909f56bfc062723c751e8b465ee728b)
Start importing Assets/Mod Assets/Kart/Trail Prefabs/LaserTrail.prefab using Guid(c6e20ffe6d2b946fb9896031aa048f90) Importer(815301076,1909f56bfc062723c751e8b465ee728b)  -> (artifact id: '1a9635310f2cfe862a1df7e5a535190f') in 0.016270 seconds 
  Import took 0.021221 seconds .

========================================================================
Received Import Request.
  Time since last request: 0.000352 seconds.
  path: Assets/TextMesh Pro/Resources/Fonts & Materials/LiberationSans SDF.asset
  artifactKey: Guid(8f586378b4e144a9851e7b34d9b748ee) Importer(815301076,1909f56bfc062723c751e8b465ee728b)
Start importing Assets/TextMesh Pro/Resources/Fonts & Materials/LiberationSans SDF.asset using Guid(8f586378b4e144a9851e7b34d9b748ee) Importer(815301076,1909f56bfc062723c751e8b465ee728b)  -> (artifact id: '2e9c243e7b952d51f39c89ddbcfe22c7') in 0.035498 seconds 
  Import took 0.040919 seconds .

========================================================================
Received Import Request.
  Time since last request: 0.000342 seconds.
  path: Assets/Karting/Audio/MainAudioMixer.mixer
  artifactKey: Guid(fcc71635aab95ff4fbdf1880bf2afa2f) Importer(815301076,1909f56bfc062723c751e8b465ee728b)
Start importing Assets/Karting/Audio/MainAudioMixer.mixer using Guid(fcc71635aab95ff4fbdf1880bf2afa2f) Importer(815301076,1909f56bfc062723c751e8b465ee728b)  -> (artifact id: 'eebade196fe3505748de0c8f77593ff9') in 0.012842 seconds 
  Import took 0.018023 seconds .

========================================================================
Received Import Request.
  Time since last request: 0.000289 seconds.
  path: Assets/Karting/Tutorials/3 Edit Colors/Edit Colors 02b-Frame-Asset.asset
  artifactKey: Guid(b92311c12b6844296994d1de18be3d7d) Importer(815301076,1909f56bfc062723c751e8b465ee728b)
Start importing Assets/Karting/Tutorials/3 Edit Colors/Edit Colors 02b-Frame-Asset.asset using Guid(b92311c12b6844296994d1de18be3d7d) Importer(815301076,1909f56bfc062723c751e8b465ee728b)  -> (artifact id: '0ae849af2ac585601ecf6d4e5e9d0184') in 0.017565 seconds 
  Import took 0.023485 seconds .

========================================================================
Received Import Request.
  Time since last request: 0.000428 seconds.
  path: Assets/Karting/Art/Materials/Level/CurvedRamp.mat
  artifactKey: Guid(ee7f46bd01c51304eb1c70ef2a97b5b9) Importer(815301076,1909f56bfc062723c751e8b465ee728b)
Start importing Assets/Karting/Art/Materials/Level/CurvedRamp.mat using Guid(ee7f46bd01c51304eb1c70ef2a97b5b9) Importer(815301076,1909f56bfc062723c751e8b465ee728b)  -> (artifact id: '3595029368d898469abe34bff676641a') in 0.110138 seconds 
  Import took 0.116014 seconds .

========================================================================
Received Import Request.
  Time since last request: 0.000393 seconds.
  path: Assets/Mod Assets/ModResources/TrailMaterials/LaserTrailMaterial.mat
  artifactKey: Guid(496d4eb29afae4308be4e6a2069959b3) Importer(815301076,1909f56bfc062723c751e8b465ee728b)
Start importing Assets/Mod Assets/ModResources/TrailMaterials/LaserTrailMaterial.mat using Guid(496d4eb29afae4308be4e6a2069959b3) Importer(815301076,1909f56bfc062723c751e8b465ee728b)  -> (artifact id: 'ba1d1129bf0c9090ce75ff7d825a2fc3') in 0.017128 seconds 
  Import took 0.023108 seconds .

========================================================================
Received Import Request.
  Time since last request: 0.000394 seconds.
  path: Assets/Karting/Prefabs/Props/CrashObject.prefab
  artifactKey: Guid(29be64d49c04eed4781cd23c6865ca7c) Importer(815301076,1909f56bfc062723c751e8b465ee728b)
Start importing Assets/Karting/Prefabs/Props/CrashObject.prefab using Guid(29be64d49c04eed4781cd23c6865ca7c) Importer(815301076,1909f56bfc062723c751e8b465ee728b)  -> (artifact id: '37ad4dc34bc84320e321a1509b4def93') in 0.092001 seconds 
  Import took 0.098480 seconds .

========================================================================
Received Import Request.
  Time since last request: 0.000431 seconds.
  path: Assets/Mod Assets/Kart/Trail Prefabs/FireTrail.prefab
  artifactKey: Guid(dfa71f3ca0c2e408c855c56585bfbaad) Importer(815301076,1909f56bfc062723c751e8b465ee728b)
Start importing Assets/Mod Assets/Kart/Trail Prefabs/FireTrail.prefab using Guid(dfa71f3ca0c2e408c855c56585bfbaad) Importer(815301076,1909f56bfc062723c751e8b465ee728b)  -> (artifact id: 'fb22fd456e454f47d1956a2941c6ff29') in 0.016449 seconds 
  Import took 0.021554 seconds .

========================================================================
Received Import Request.
  Time since last request: 0.398508 seconds.
  path: Assets/Karting/Tutorials/4 Add a Jump/Add a Jump 020.asset
  artifactKey: Guid(be261f07c71d3462bbf00524e82591ad) Importer(815301076,1909f56bfc062723c751e8b465ee728b)
Start importing Assets/Karting/Tutorials/4 Add a Jump/Add a Jump 020.asset using Guid(be261f07c71d3462bbf00524e82591ad) Importer(815301076,1909f56bfc062723c751e8b465ee728b)  -> (artifact id: 'b2eeda7ce82f28f6c3ad61f504d34820') in 0.021727 seconds 
  Import took 0.026915 seconds .

========================================================================
Received Import Request.
  Time since last request: 0.000302 seconds.
  path: Assets/Karting/Art/Materials/Props/Ramp_70Degrees.mat
  artifactKey: Guid(eaa3d3a0d4072e94ea340cadd67f6e71) Importer(815301076,1909f56bfc062723c751e8b465ee728b)
Start importing Assets/Karting/Art/Materials/Props/Ramp_70Degrees.mat using Guid(eaa3d3a0d4072e94ea340cadd67f6e71) Importer(815301076,1909f56bfc062723c751e8b465ee728b)  -> (artifact id: '3bd6d81a2b40307485e269ec59f1831f') in 0.017139 seconds 
  Import took 0.021894 seconds .

========================================================================
Received Import Request.
  Time since last request: 0.000363 seconds.
  path: Assets/Karting/Prefabs/TrackPieces/Curved Ramps/Ramp_Curve_6_30.prefab
  artifactKey: Guid(9d79018a00f9cc046bd23ac607ecf0de) Importer(815301076,1909f56bfc062723c751e8b465ee728b)
Start importing Assets/Karting/Prefabs/TrackPieces/Curved Ramps/Ramp_Curve_6_30.prefab using Guid(9d79018a00f9cc046bd23ac607ecf0de) Importer(815301076,1909f56bfc062723c751e8b465ee728b)  -> (artifact id: 'e29b538c1084987e8b439588d1cf0904') in 0.021345 seconds 
  Import took 0.028013 seconds .

========================================================================
Received Import Request.
  Time since last request: 0.000327 seconds.
  path: Assets/Karting/Prefabs/TrackPieces/Curved Ramps/Ramp_Curve_6_60.prefab
  artifactKey: Guid(4102206a84e5fd140b4487286a1e81c3) Importer(815301076,1909f56bfc062723c751e8b465ee728b)
Start importing Assets/Karting/Prefabs/TrackPieces/Curved Ramps/Ramp_Curve_6_60.prefab using Guid(4102206a84e5fd140b4487286a1e81c3) Importer(815301076,1909f56bfc062723c751e8b465ee728b)  -> (artifact id: '4abd35e39a9e07204a7eb9da42df9e3a') in 0.012057 seconds 
  Import took 0.017927 seconds .

========================================================================
Received Import Request.
  Time since last request: 0.000262 seconds.
  path: Assets/Karting/Prefabs/TrackPieces/Curved Ramps/Ramp_Curve_12_60.prefab
  artifactKey: Guid(d944f4d01e8814b43b9c1a69a139fd30) Importer(815301076,1909f56bfc062723c751e8b465ee728b)
Start importing Assets/Karting/Prefabs/TrackPieces/Curved Ramps/Ramp_Curve_12_60.prefab using Guid(d944f4d01e8814b43b9c1a69a139fd30) Importer(815301076,1909f56bfc062723c751e8b465ee728b)  -> (artifact id: '0fa4902583e1463ef766aed3fc94fc22') in 0.011167 seconds 
  Import took 0.019060 seconds .

========================================================================
Received Import Request.
  Time since last request: 0.000312 seconds.
  path: Assets/Karting/Prefabs/TrackPieces/Curved Ramps/Ramp_Curve_12_30.prefab
  artifactKey: Guid(edb63eeddf7dc2943ba5e6ff4eac49f3) Importer(815301076,1909f56bfc062723c751e8b465ee728b)
Start importing Assets/Karting/Prefabs/TrackPieces/Curved Ramps/Ramp_Curve_12_30.prefab using Guid(edb63eeddf7dc2943ba5e6ff4eac49f3) Importer(815301076,1909f56bfc062723c751e8b465ee728b)  -> (artifact id: 'a32c6e28f04fe4cd0c8e11134eb20a46') in 0.012892 seconds 
  Import took 0.018599 seconds .

========================================================================
Received Import Request.
  Time since last request: 0.000324 seconds.
  path: Assets/Karting/Art/Materials/Props/Ramp_30Degrees.mat
  artifactKey: Guid(fd29b49a340a1f84391f625716983113) Importer(815301076,1909f56bfc062723c751e8b465ee728b)
Start importing Assets/Karting/Art/Materials/Props/Ramp_30Degrees.mat using Guid(fd29b49a340a1f84391f625716983113) Importer(815301076,1909f56bfc062723c751e8b465ee728b)  -> (artifact id: '4f86619fcaeeb3fa696dbbd6b1206672') in 0.018156 seconds 
  Import took 0.024336 seconds .

========================================================================
Received Import Request.
  Time since last request: 0.000376 seconds.
  path: Assets/Karting/Art/Materials/Props/Ramp_45Degrees.mat
  artifactKey: Guid(1f32c3f78a92fb74cbd463be12d36318) Importer(815301076,1909f56bfc062723c751e8b465ee728b)
Start importing Assets/Karting/Art/Materials/Props/Ramp_45Degrees.mat using Guid(1f32c3f78a92fb74cbd463be12d36318) Importer(815301076,1909f56bfc062723c751e8b465ee728b)  -> (artifact id: 'b4ff4194d0478d23b42378d456f2e823') in 0.017220 seconds 
  Import took 0.023439 seconds .

========================================================================
Received Import Request.
  Time since last request: 0.000282 seconds.
  path: Assets/Karting/Prefabs/TrackPieces/Curved Ramps/Ramp_Curve_6_90.prefab
  artifactKey: Guid(d8d19a8284e8aae4b96d67a3124ab7c8) Importer(815301076,1909f56bfc062723c751e8b465ee728b)
Start importing Assets/Karting/Prefabs/TrackPieces/Curved Ramps/Ramp_Curve_6_90.prefab using Guid(d8d19a8284e8aae4b96d67a3124ab7c8) Importer(815301076,1909f56bfc062723c751e8b465ee728b)  -> (artifact id: '5bc1e18102d1be3fecdd1ac712e5d5f4') in 0.012784 seconds 
  Import took 0.019680 seconds .

========================================================================
Received Import Request.
  Time since last request: 0.000300 seconds.
  path: Assets/Karting/Tutorials/4 Add a Jump/WT-Frame-Prefab.png
  artifactKey: Guid(c182f9fcc248b45478168b1b59e5e5db) Importer(815301076,1909f56bfc062723c751e8b465ee728b)
Start importing Assets/Karting/Tutorials/4 Add a Jump/WT-Frame-Prefab.png using Guid(c182f9fcc248b45478168b1b59e5e5db) Importer(815301076,1909f56bfc062723c751e8b465ee728b)  -> (artifact id: '1626df95eadd15259d0aa6bac1e0fe5f') in 0.029217 seconds 
  Import took 0.036286 seconds .

========================================================================
Received Import Request.
  Time since last request: 0.000422 seconds.
  path: Assets/Karting/Art/Materials/Props/Ramp.mat
  artifactKey: Guid(e9440409ec6ee5140a3bc2a7ef24ad97) Importer(815301076,1909f56bfc062723c751e8b465ee728b)
Start importing Assets/Karting/Art/Materials/Props/Ramp.mat using Guid(e9440409ec6ee5140a3bc2a7ef24ad97) Importer(815301076,1909f56bfc062723c751e8b465ee728b)  -> (artifact id: '4ae77ec19bdc761b73e50e82ff018a9e') in 0.017764 seconds 
  Import took 0.023711 seconds .

========================================================================
Received Import Request.
  Time since last request: 0.000270 seconds.
  path: Assets/Karting/Art/Models/ramp.fbx
  artifactKey: Guid(ea11a61298b6fe94bb5d1f868dafa69a) Importer(815301076,1909f56bfc062723c751e8b465ee728b)
Start importing Assets/Karting/Art/Models/ramp.fbx using Guid(ea11a61298b6fe94bb5d1f868dafa69a) Importer(815301076,1909f56bfc062723c751e8b465ee728b)  -> (artifact id: 'd728269db32e269784754ea96d148ed3') in 0.026741 seconds 
  Import took 0.033374 seconds .

========================================================================
Received Import Request.
  Time since last request: 0.000280 seconds.
  path: Assets/Karting/Art/Materials/Props/Ramp_40Degrees.mat
  artifactKey: Guid(2646fed579e23284cb86aadf4d8a9f67) Importer(815301076,1909f56bfc062723c751e8b465ee728b)
Start importing Assets/Karting/Art/Materials/Props/Ramp_40Degrees.mat using Guid(2646fed579e23284cb86aadf4d8a9f67) Importer(815301076,1909f56bfc062723c751e8b465ee728b)  -> (artifact id: '2702d5a9ea51ce02484d12b1c7aed3f3') in 0.015898 seconds 
  Import took 0.021162 seconds .

========================================================================
Received Import Request.
  Time since last request: 0.000326 seconds.
  path: Assets/Karting/Art/Materials/Props/Ramp_50Degrees.mat
  artifactKey: Guid(d8966ceb0c3988640a6d327c9a9104c7) Importer(815301076,1909f56bfc062723c751e8b465ee728b)
Start importing Assets/Karting/Art/Materials/Props/Ramp_50Degrees.mat using Guid(d8966ceb0c3988640a6d327c9a9104c7) Importer(815301076,1909f56bfc062723c751e8b465ee728b)  -> (artifact id: '4e1975367dfbf9da4e61058beb9fd58a') in 0.017728 seconds 
  Import took 0.024456 seconds .

========================================================================
Received Import Request.
  Time since last request: 0.000379 seconds.
  path: Assets/Mod Assets/3DProps/AncientProps/Pyramid.fbx
  artifactKey: Guid(855be228fb4e849aea507dabde98fbff) Importer(815301076,1909f56bfc062723c751e8b465ee728b)
Start importing Assets/Mod Assets/3DProps/AncientProps/Pyramid.fbx using Guid(855be228fb4e849aea507dabde98fbff) Importer(815301076,1909f56bfc062723c751e8b465ee728b)  -> (artifact id: 'a6f6a3684a31d0932927af1b64f75f6b') in 0.031729 seconds 
  Import took 0.037492 seconds .

========================================================================
Received Import Request.
  Time since last request: 0.000291 seconds.
  path: Assets/Karting/Prefabs/TrackPieces/Curved Ramps/Ramp_Curve_12_90.prefab
  artifactKey: Guid(5a36f45df02ac244ca57abb7d3324acc) Importer(815301076,1909f56bfc062723c751e8b465ee728b)
Start importing Assets/Karting/Prefabs/TrackPieces/Curved Ramps/Ramp_Curve_12_90.prefab using Guid(5a36f45df02ac244ca57abb7d3324acc) Importer(815301076,1909f56bfc062723c751e8b465ee728b)  -> (artifact id: '6076e466a55e0475576437c7e40afa42') in 0.010669 seconds 
  Import took 0.015549 seconds .

========================================================================
Received Import Request.
  Time since last request: 0.000335 seconds.
  path: Assets/Karting/Prefabs/TrackPieces/Ramp_Playground.prefab
  artifactKey: Guid(e47e8ca41a199c04bb4df9d428512893) Importer(815301076,1909f56bfc062723c751e8b465ee728b)
Start importing Assets/Karting/Prefabs/TrackPieces/Ramp_Playground.prefab using Guid(e47e8ca41a199c04bb4df9d428512893) Importer(815301076,1909f56bfc062723c751e8b465ee728b)  -> (artifact id: '212d79288b6188840fbe185dffa861ec') in 0.018368 seconds 
  Import took 0.024681 seconds .

========================================================================
Received Import Request.
  Time since last request: 0.000315 seconds.
  path: Assets/Karting/Tutorials/3 Edit Colors/WT-Select-and-Frame.mov
  artifactKey: Guid(e292ffe4f11dd4130a4095e4e7879fe2) Importer(815301076,1909f56bfc062723c751e8b465ee728b)
Start importing Assets/Karting/Tutorials/3 Edit Colors/WT-Select-and-Frame.mov using Guid(e292ffe4f11dd4130a4095e4e7879fe2) Importer(815301076,1909f56bfc062723c751e8b465ee728b)  -> (artifact id: '99f34bb4dc0f159f99ca511a056811a5') in 0.068927 seconds 
  Import took 0.073830 seconds .

========================================================================
Received Import Request.
  Time since last request: 0.000271 seconds.
  path: Assets/Karting/Art/Materials/Props/Ramp_80Degrees.mat
  artifactKey: Guid(fe5271015d591d34d8c9e26cf2282294) Importer(815301076,1909f56bfc062723c751e8b465ee728b)
Start importing Assets/Karting/Art/Materials/Props/Ramp_80Degrees.mat using Guid(fe5271015d591d34d8c9e26cf2282294) Importer(815301076,1909f56bfc062723c751e8b465ee728b)  -> (artifact id: 'ea1c7c00f3e5b89e2ef08d6ce4f7a508') in 0.016699 seconds 
  Import took 0.023044 seconds .

========================================================================
Received Import Request.
  Time since last request: 0.000338 seconds.
  path: Assets/Karting/PhysicsMaterials/RampFriction.physicMaterial
  artifactKey: Guid(5c8f7b1a953cc3c47ac059ea6d07282a) Importer(815301076,1909f56bfc062723c751e8b465ee728b)
Start importing Assets/Karting/PhysicsMaterials/RampFriction.physicMaterial using Guid(5c8f7b1a953cc3c47ac059ea6d07282a) Importer(815301076,1909f56bfc062723c751e8b465ee728b)  -> (artifact id: 'f0ea43b5a5879f1f83346e3272caa411') in 0.008928 seconds 
  Import took 0.014882 seconds .

========================================================================
Received Import Request.
  Time since last request: 0.000316 seconds.
  path: Assets/Karting/Art/Materials/Props/Ramp_60Degrees.mat
  artifactKey: Guid(ce13997e667c3584bbb93d97d59bb6eb) Importer(815301076,1909f56bfc062723c751e8b465ee728b)
Start importing Assets/Karting/Art/Materials/Props/Ramp_60Degrees.mat using Guid(ce13997e667c3584bbb93d97d59bb6eb) Importer(815301076,1909f56bfc062723c751e8b465ee728b)  -> (artifact id: '025fb044ec005a64908405579fadaa4b') in 0.017021 seconds 
  Import took 0.022979 seconds .

========================================================================
Received Prepare
Registering precompiled user dll's ...
Registered in 0.014874 seconds.
Begin MonoManager ReloadAssembly
Native extension for WindowsStandalone target not found
Native extension for WebGL target not found
Refreshing native plugins compatible for Editor in 0.67 ms, found 3 plugins.
Preloading 0 native plugins for Editor in 0.00 ms.
Mono: successfully reloaded assembly
- Completed reload, in  1.725 seconds
Domain Reload Profiling:
	ReloadAssembly (1726ms)
		BeginReloadAssembly (198ms)
			ExecutionOrderSort (0ms)
			DisableScriptedObjects (5ms)
			BackupInstance (0ms)
			ReleaseScriptingObjects (0ms)
			CreateAndSetChildDomain (69ms)
		EndReloadAssembly (1442ms)
			LoadAssemblies (158ms)
			RebuildTransferFunctionScriptingTraits (0ms)
			SetupTypeCache (518ms)
			ReleaseScriptCaches (1ms)
			RebuildScriptCaches (52ms)
			SetupLoadedEditorAssemblies (613ms)
				LogAssemblyErrors (0ms)
				InitializePlatformSupportModulesInManaged (8ms)
				SetLoadedEditorAssemblies (1ms)
				RefreshPlugins (1ms)
				BeforeProcessingInitializeOnLoad (115ms)
				ProcessInitializeOnLoadAttributes (463ms)
				ProcessInitializeOnLoadMethodAttributes (14ms)
				AfterProcessingInitializeOnLoad (10ms)
				EditorAssembliesLoaded (0ms)
			ExecutionOrderSort2 (0ms)
			AwakeInstancesAfterBackupRestoration (10ms)
Platform modules already initialized, skipping
Refreshing native plugins compatible for Editor in 0.73 ms, found 3 plugins.
Preloading 0 native plugins for Editor in 0.00 ms.
Unloading 2853 Unused Serialized files (Serialized files now loaded: 0)
System memory in use before: 136.0 MB.
System memory in use after: 132.1 MB.

Unloading 86 unused Assets to reduce memory usage. Loaded Objects now: 3294.
Total: 7.976100 ms (FindLiveObjects: 0.429900 ms CreateObjectMapping: 0.269400 ms MarkObjects: 4.042600 ms  DeleteObjects: 3.232500 ms)

AssetImportParameters requested are different than current active one (requested -> active):
  custom:framework-win-MediaFoundation: 216162199b28c13a410421893ffa2e32 -> 
  custom:video-decoder-ogg-theora: a1e56fd34408186e4bbccfd4996cb3dc -> 
  custom:container-muxer-webm: aa71ff27fc2769a1b78a27578f13a17b -> 
  custom:container-demuxer-webm: 4f35f7cbe854078d1ac9338744f61a02 -> 
  custom:container-demuxer-ogg: 62fdf1f143b41e24485cea50d1cbac27 -> 
  custom:video-encoder-webm-vp8: eb34c28f22e8b96e1ab97ce403110664 -> 
  custom:video-codec-MediaFoundation-h265: 746d11721c4dcdbdad8f713fa42b33f4 -> 
  custom:video-decoder-webm-vp8: 9c59270c3fd7afecdb556c50c9e8de78 -> 
  custom:audio-decoder-ogg-vorbis: bf7c407c2cedff20999df2af8eb42d56 -> 
  custom:audio-encoder-webm-vorbis: bf7c407c2cedff20999df2af8eb42d56 -> 
========================================================================
Received Import Request.
  Time since last request: 1870.812725 seconds.
  path: Assets/Mod Assets/ModResources/Fonts/DancingScript-Regular SDF.asset
  artifactKey: Guid(7b50419dd5d254755b7929b05d413472) Importer(815301076,1909f56bfc062723c751e8b465ee728b)
Start importing Assets/Mod Assets/ModResources/Fonts/DancingScript-Regular SDF.asset using Guid(7b50419dd5d254755b7929b05d413472) Importer(815301076,1909f56bfc062723c751e8b465ee728b)  -> (artifact id: 'd1cdd5896618b5284f6ae20f6faca798') in 0.116737 seconds 
  Import took 0.122697 seconds .

========================================================================
Received Import Request.
  Time since last request: 19.987479 seconds.
  path: Assets/Karting/ScriptableObjects/GameMessageGeneric.asset
  artifactKey: Guid(4f09a4fe2b79f494cb4b65e27102ddd2) Importer(815301076,1909f56bfc062723c751e8b465ee728b)
Start importing Assets/Karting/ScriptableObjects/GameMessageGeneric.asset using Guid(4f09a4fe2b79f494cb4b65e27102ddd2) Importer(815301076,1909f56bfc062723c751e8b465ee728b)  -> (artifact id: '91b75a112eb6b4c4b1c84bf20e8dcd0e') in 0.034585 seconds 
  Import took 0.040716 seconds .

========================================================================
Received Import Request.
  Time since last request: 0.000461 seconds.
  path: Assets/Karting/ScriptableObjects/ObjectiveToastSecondary.asset
  artifactKey: Guid(d8b9f915b44d44383b11beec3038475a) Importer(815301076,1909f56bfc062723c751e8b465ee728b)
Start importing Assets/Karting/ScriptableObjects/ObjectiveToastSecondary.asset using Guid(d8b9f915b44d44383b11beec3038475a) Importer(815301076,1909f56bfc062723c751e8b465ee728b)  -> (artifact id: '6692a15c8684227666b95419a6448150') in 0.021762 seconds 
  Import took 0.027383 seconds .

========================================================================
Received Import Request.
  Time since last request: 0.000349 seconds.
  path: Assets/Karting/ScriptableObjects/NotificationPrefab.asset
  artifactKey: Guid(0d982485d3a954f87b928edc95b7f622) Importer(815301076,1909f56bfc062723c751e8b465ee728b)
Start importing Assets/Karting/ScriptableObjects/NotificationPrefab.asset using Guid(0d982485d3a954f87b928edc95b7f622) Importer(815301076,1909f56bfc062723c751e8b465ee728b)  -> (artifact id: '04616baa671ffa2d9351ce44c7c8f218') in 0.018595 seconds 
  Import took 0.025598 seconds .

========================================================================
Received Import Request.
  Time since last request: 0.000388 seconds.
  path: Assets/Karting/ScriptableObjects/WinGameMessage.asset
  artifactKey: Guid(ea52713838edf4cab911e165322b4a1c) Importer(815301076,1909f56bfc062723c751e8b465ee728b)
Start importing Assets/Karting/ScriptableObjects/WinGameMessage.asset using Guid(ea52713838edf4cab911e165322b4a1c) Importer(815301076,1909f56bfc062723c751e8b465ee728b)  -> (artifact id: 'fc5a380ebef0a3ac4e6a8ba77cddb931') in 0.010287 seconds 
  Import took 0.016911 seconds .

========================================================================
Received Import Request.
  Time since last request: 0.000337 seconds.
  path: Assets/Karting/ScriptableObjects/ObjectiveToastPrimary.asset
  artifactKey: Guid(7c1a71b285bc6430aa9606f40ed33a7a) Importer(815301076,1909f56bfc062723c751e8b465ee728b)
Start importing Assets/Karting/ScriptableObjects/ObjectiveToastPrimary.asset using Guid(7c1a71b285bc6430aa9606f40ed33a7a) Importer(815301076,1909f56bfc062723c751e8b465ee728b)  -> (artifact id: 'fa35d0029d618db8c3ce665deea2e524') in 0.023847 seconds 
  Import took 0.029573 seconds .

========================================================================
Received Import Request.
  Time since last request: 0.000290 seconds.
  path: Assets/Karting/ScriptableObjects/TimeDisplayItem.asset
  artifactKey: Guid(662878078edcd354991f5fbb8c48cb2e) Importer(815301076,1909f56bfc062723c751e8b465ee728b)
Start importing Assets/Karting/ScriptableObjects/TimeDisplayItem.asset using Guid(662878078edcd354991f5fbb8c48cb2e) Importer(815301076,1909f56bfc062723c751e8b465ee728b)  -> (artifact id: '4c89bcd319ead38d098df96457c02515') in 0.017955 seconds 
  Import took 0.024544 seconds .

========================================================================
Received Import Request.
  Time since last request: 0.906798 seconds.
  path: Assets/Karting/Scripts/KartGame.asmdef
  artifactKey: Guid(a54b96d5ddd2c488aadb7e2cb0921b9b) Importer(815301076,1909f56bfc062723c751e8b465ee728b)
Start importing Assets/Karting/Scripts/KartGame.asmdef using Guid(a54b96d5ddd2c488aadb7e2cb0921b9b) Importer(815301076,1909f56bfc062723c751e8b465ee728b)  -> (artifact id: '9e680e3bf9c4b1483fa486fb36a246a7') in 0.009325 seconds 
  Import took 0.014716 seconds .

========================================================================
Received Import Request.
  Time since last request: 16.493466 seconds.
  path: Assets/Karting/Scripts/KartSystems
  artifactKey: Guid(aca815be79b22ef46ada315cf36b0e61) Importer(815301076,1909f56bfc062723c751e8b465ee728b)
Start importing Assets/Karting/Scripts/KartSystems using Guid(aca815be79b22ef46ada315cf36b0e61) Importer(815301076,1909f56bfc062723c751e8b465ee728b)  -> (artifact id: 'd943aa274e8cf65a3c827204de156b91') in 0.009095 seconds 
  Import took 0.014866 seconds .

========================================================================
Received Import Request.
  Time since last request: 1.459254 seconds.
  path: Assets/Karting/Scripts/KartSystems/Inputs
  artifactKey: Guid(388d7848cc7573948929116b48eda9bd) Importer(815301076,1909f56bfc062723c751e8b465ee728b)
Start importing Assets/Karting/Scripts/KartSystems/Inputs using Guid(388d7848cc7573948929116b48eda9bd) Importer(815301076,1909f56bfc062723c751e8b465ee728b)  -> (artifact id: 'dcfbe44dcdc1b7bf2a17299408b651e8') in 0.007946 seconds 
  Import took 0.014770 seconds .

========================================================================
Received Import Request.
  Time since last request: 1.139314 seconds.
  path: Assets/Karting/Scripts/KartSystems/Inputs/KeyboardInput.cs
  artifactKey: Guid(7f292ffb948323c49ac31e54ff737ea2) Importer(815301076,1909f56bfc062723c751e8b465ee728b)
Start importing Assets/Karting/Scripts/KartSystems/Inputs/KeyboardInput.cs using Guid(7f292ffb948323c49ac31e54ff737ea2) Importer(815301076,1909f56bfc062723c751e8b465ee728b)  -> (artifact id: 'c4d2e685cd8a55e9c134743e752f5289') in 0.017186 seconds 
  Import took 0.022372 seconds .

========================================================================
Received Import Request.
  Time since last request: 273.659133 seconds.
  path: Assets/Karting/Scripts/UI/MainUIController.cs
  artifactKey: Guid(e09ef6147e73a43349cab2d3a335fe07) Importer(815301076,1909f56bfc062723c751e8b465ee728b)
Start importing Assets/Karting/Scripts/UI/MainUIController.cs using Guid(e09ef6147e73a43349cab2d3a335fe07) Importer(815301076,1909f56bfc062723c751e8b465ee728b)  -> (artifact id: 'b5085612937be4cddc47eb638a9d66f0') in 0.009588 seconds 
  Import took 0.016955 seconds .

